0 info it worked if it ends with ok
1 verbose cli [ 'node', '/usr/local/bin/npm', 'pack' ]
2 info using npm@2.12.1
3 info using node@v0.12.7
4 silly cache add args [ '.', null ]
5 verbose cache add spec .
6 silly cache add parsed spec { raw: '.',
6 silly cache add   scope: null,
6 silly cache add   name: null,
6 silly cache add   rawSpec: '.',
6 silly cache add   spec: '/Users/daisukeb/Documents/Robotma/node-red-contrib-asakusa_giken',
6 silly cache add   type: 'directory' }
7 verbose addLocalDirectory /Users/daisukeb/.npm/node-red-contrib-asakusa_giken/1.0.0/package.tgz not in flight; packing
8 verbose tar pack [ '/Users/daisukeb/.npm/node-red-contrib-asakusa_giken/1.0.0/package.tgz',
8 verbose tar pack   '/Users/daisukeb/Documents/Robotma/node-red-contrib-asakusa_giken' ]
9 verbose tarball /Users/daisukeb/.npm/node-red-contrib-asakusa_giken/1.0.0/package.tgz
10 verbose folder /Users/daisukeb/Documents/Robotma/node-red-contrib-asakusa_giken
11 info prepublish node-red-contrib-asakusa_giken@1.0.0
12 verbose unsafe-perm in lifecycle true
13 info node-red-contrib-asakusa_giken@1.0.0 Failed to exec prepublish script
14 error addLocalDirectory Could not pack /Users/daisukeb/Documents/Robotma/node-red-contrib-asakusa_giken to /Users/daisukeb/.npm/node-red-contrib-asakusa_giken/1.0.0/package.tgz
15 error addLocal Could not install /Users/daisukeb/Documents/Robotma/node-red-contrib-asakusa_giken
16 verbose stack Error: node-red-contrib-asakusa_giken@1.0.0 prepublish: `grunt build`
16 verbose stack Exit status 3
16 verbose stack     at EventEmitter.<anonymous> (/usr/local/lib/node_modules/npm/lib/utils/lifecycle.js:213:16)
16 verbose stack     at EventEmitter.emit (events.js:110:17)
16 verbose stack     at ChildProcess.<anonymous> (/usr/local/lib/node_modules/npm/lib/utils/spawn.js:24:14)
16 verbose stack     at ChildProcess.emit (events.js:110:17)
16 verbose stack     at maybeClose (child_process.js:1015:16)
16 verbose stack     at Process.ChildProcess._handle.onexit (child_process.js:1087:5)
17 verbose pkgid node-red-contrib-asakusa_giken@1.0.0
18 verbose cwd /Users/daisukeb/Documents/Robotma/node-red-contrib-asakusa_giken
19 error Darwin 14.5.0
20 error argv "node" "/usr/local/bin/npm" "pack"
21 error node v0.12.7
22 error npm  v2.12.1
23 error code ELIFECYCLE
24 error node-red-contrib-asakusa_giken@1.0.0 prepublish: `grunt build`
24 error Exit status 3
25 error Failed at the node-red-contrib-asakusa_giken@1.0.0 prepublish script 'grunt build'.
25 error This is most likely a problem with the node-red-contrib-asakusa_giken package,
25 error not with npm itself.
25 error Tell the author that this fails on your system:
25 error     grunt build
25 error You can get their info via:
25 error     npm owner ls node-red-contrib-asakusa_giken
25 error There is likely additional logging output above.
26 verbose exit [ 1, true ]
